<?xml version="1.0" encoding="UTF-8"?>
<testsuite name="com.harder.springboot.web.IndexControllerTest" tests="1" skipped="0" failures="0" errors="0" timestamp="2021-08-29T06:05:31" hostname="Siwooui-MacBookPro.local" time="0.305">
  <properties/>
  <testcase name="메인페이지_로딩" classname="com.harder.springboot.web.IndexControllerTest" time="0.305"/>
  <system-out><![CDATA[15:05:26.126 [Test worker] DEBUG org.springframework.test.context.junit4.SpringJUnit4ClassRunner - SpringJUnit4ClassRunner constructor called with [class com.harder.springboot.web.IndexControllerTest]
15:05:26.132 [Test worker] DEBUG org.springframework.test.context.BootstrapUtils - Instantiating CacheAwareContextLoaderDelegate from class [org.springframework.test.context.cache.DefaultCacheAwareContextLoaderDelegate]
15:05:26.138 [Test worker] DEBUG org.springframework.test.context.BootstrapUtils - Instantiating BootstrapContext using constructor [public org.springframework.test.context.support.DefaultBootstrapContext(java.lang.Class,org.springframework.test.context.CacheAwareContextLoaderDelegate)]
15:05:26.156 [Test worker] DEBUG org.springframework.test.context.BootstrapUtils - Instantiating TestContextBootstrapper for test class [com.harder.springboot.web.IndexControllerTest] from class [org.springframework.boot.test.context.SpringBootTestContextBootstrapper]
15:05:26.164 [Test worker] INFO org.springframework.boot.test.context.SpringBootTestContextBootstrapper - Neither @ContextConfiguration nor @ContextHierarchy found for test class [com.harder.springboot.web.IndexControllerTest], using SpringBootContextLoader
15:05:26.167 [Test worker] DEBUG org.springframework.test.context.support.AbstractContextLoader - Did not detect default resource location for test class [com.harder.springboot.web.IndexControllerTest]: class path resource [com/harder/springboot/web/IndexControllerTest-context.xml] does not exist
15:05:26.167 [Test worker] DEBUG org.springframework.test.context.support.AbstractContextLoader - Did not detect default resource location for test class [com.harder.springboot.web.IndexControllerTest]: class path resource [com/harder/springboot/web/IndexControllerTestContext.groovy] does not exist
15:05:26.167 [Test worker] INFO org.springframework.test.context.support.AbstractContextLoader - Could not detect default resource locations for test class [com.harder.springboot.web.IndexControllerTest]: no resource found for suffixes {-context.xml, Context.groovy}.
15:05:26.168 [Test worker] INFO org.springframework.test.context.support.AnnotationConfigContextLoaderUtils - Could not detect default configuration classes for test class [com.harder.springboot.web.IndexControllerTest]: IndexControllerTest does not declare any static, non-private, non-final, nested classes annotated with @Configuration.
15:05:26.197 [Test worker] DEBUG org.springframework.test.context.support.ActiveProfilesUtils - Could not find an 'annotation declaring class' for annotation type [org.springframework.test.context.ActiveProfiles] and class [com.harder.springboot.web.IndexControllerTest]
15:05:26.270 [Test worker] DEBUG org.springframework.context.annotation.ClassPathScanningCandidateComponentProvider - Identified candidate component class: file [/Users/siwoobaek/Project/fastercamp/build/classes/java/main/com/harder/springboot/Application.class]
15:05:26.271 [Test worker] INFO org.springframework.boot.test.context.SpringBootTestContextBootstrapper - Found @SpringBootConfiguration com.harder.springboot.Application for test class com.harder.springboot.web.IndexControllerTest
15:05:26.340 [Test worker] DEBUG org.springframework.boot.test.context.SpringBootTestContextBootstrapper - @TestExecutionListeners is not present for class [com.harder.springboot.web.IndexControllerTest]: using defaults.
15:05:26.340 [Test worker] INFO org.springframework.boot.test.context.SpringBootTestContextBootstrapper - Loaded default TestExecutionListener class names from location [META-INF/spring.factories]: [org.springframework.security.test.context.support.WithSecurityContextTestExecutionListener, org.springframework.security.test.context.support.ReactorContextTestExecutionListener, org.springframework.boot.test.autoconfigure.restdocs.RestDocsTestExecutionListener, org.springframework.boot.test.autoconfigure.web.client.MockRestServiceServerResetTestExecutionListener, org.springframework.boot.test.autoconfigure.web.servlet.MockMvcPrintOnlyOnFailureTestExecutionListener, org.springframework.boot.test.autoconfigure.web.servlet.WebDriverTestExecutionListener, org.springframework.boot.test.mock.mockito.MockitoTestExecutionListener, org.springframework.boot.test.mock.mockito.ResetMocksTestExecutionListener, org.springframework.test.context.web.ServletTestExecutionListener, org.springframework.test.context.support.DirtiesContextBeforeModesTestExecutionListener, org.springframework.test.context.support.DependencyInjectionTestExecutionListener, org.springframework.test.context.support.DirtiesContextTestExecutionListener, org.springframework.test.context.transaction.TransactionalTestExecutionListener, org.springframework.test.context.jdbc.SqlScriptsTestExecutionListener]
15:05:26.357 [Test worker] INFO org.springframework.boot.test.context.SpringBootTestContextBootstrapper - Using TestExecutionListeners: [org.springframework.test.context.web.ServletTestExecutionListener@839c6a4, org.springframework.test.context.support.DirtiesContextBeforeModesTestExecutionListener@b4bb5d5, org.springframework.boot.test.mock.mockito.MockitoTestExecutionListener@714f1b81, org.springframework.boot.test.autoconfigure.SpringBootDependencyInjectionTestExecutionListener@556d080, org.springframework.test.context.support.DirtiesContextTestExecutionListener@439c2a68, org.springframework.test.context.transaction.TransactionalTestExecutionListener@15afdad3, org.springframework.test.context.jdbc.SqlScriptsTestExecutionListener@1c3548f4, org.springframework.security.test.context.support.WithSecurityContextTestExecutionListener@2fd45922, org.springframework.security.test.context.support.ReactorContextTestExecutionListener@db9e9da, org.springframework.boot.test.autoconfigure.restdocs.RestDocsTestExecutionListener@662bd3fc, org.springframework.boot.test.autoconfigure.web.client.MockRestServiceServerResetTestExecutionListener@506f5525, org.springframework.boot.test.autoconfigure.web.servlet.MockMvcPrintOnlyOnFailureTestExecutionListener@5d7f1b43, org.springframework.boot.test.autoconfigure.web.servlet.WebDriverTestExecutionListener@1f4ace0f, org.springframework.boot.test.mock.mockito.ResetMocksTestExecutionListener@27464a29]
15:05:26.359 [Test worker] DEBUG org.springframework.test.annotation.ProfileValueUtils - Retrieved @ProfileValueSourceConfiguration [null] for test class [com.harder.springboot.web.IndexControllerTest]
15:05:26.360 [Test worker] DEBUG org.springframework.test.annotation.ProfileValueUtils - Retrieved ProfileValueSource type [class org.springframework.test.annotation.SystemProfileValueSource] for class [com.harder.springboot.web.IndexControllerTest]
15:05:26.360 [Test worker] DEBUG org.springframework.test.annotation.ProfileValueUtils - Retrieved @ProfileValueSourceConfiguration [null] for test class [com.harder.springboot.web.IndexControllerTest]
15:05:26.360 [Test worker] DEBUG org.springframework.test.annotation.ProfileValueUtils - Retrieved ProfileValueSource type [class org.springframework.test.annotation.SystemProfileValueSource] for class [com.harder.springboot.web.IndexControllerTest]
15:05:26.364 [Test worker] DEBUG org.springframework.test.context.support.AbstractDirtiesContextTestExecutionListener - Before test class: context [DefaultTestContext@2a5983c4 testClass = IndexControllerTest, testInstance = [null], testMethod = [null], testException = [null], mergedContextConfiguration = [WebMergedContextConfiguration@7773acc8 testClass = IndexControllerTest, locations = '{}', classes = '{class com.harder.springboot.Application}', contextInitializerClasses = '[]', activeProfiles = '{}', propertySourceLocations = '{}', propertySourceProperties = '{org.springframework.boot.test.context.SpringBootTestContextBootstrapper=true, server.port=0}', contextCustomizers = set[org.springframework.boot.test.autoconfigure.properties.PropertyMappingContextCustomizer@0, org.springframework.boot.test.autoconfigure.web.servlet.WebDriverContextCustomizerFactory$Customizer@2f4462a3, org.springframework.boot.test.context.filter.ExcludeFilterContextCustomizer@7a16c444, org.springframework.boot.test.json.DuplicateJsonObjectContextCustomizerFactory$DuplicateJsonObjectContextCustomizer@5047251b, org.springframework.boot.test.mock.mockito.MockitoContextCustomizer@0, org.springframework.boot.test.web.client.TestRestTemplateContextCustomizer@fdbaee4], resourceBasePath = 'src/main/webapp', contextLoader = 'org.springframework.boot.test.context.SpringBootContextLoader', parent = [null]], attributes = map['org.springframework.test.context.web.ServletTestExecutionListener.activateListener' -> false]], class annotated with @DirtiesContext [false] with mode [null].
15:05:26.364 [Test worker] DEBUG org.springframework.test.annotation.ProfileValueUtils - Retrieved @ProfileValueSourceConfiguration [null] for test class [com.harder.springboot.web.IndexControllerTest]
15:05:26.364 [Test worker] DEBUG org.springframework.test.annotation.ProfileValueUtils - Retrieved ProfileValueSource type [class org.springframework.test.annotation.SystemProfileValueSource] for class [com.harder.springboot.web.IndexControllerTest]
15:05:26.367 [Test worker] DEBUG org.springframework.test.context.support.DependencyInjectionTestExecutionListener - Performing dependency injection for test context [[DefaultTestContext@2a5983c4 testClass = IndexControllerTest, testInstance = com.harder.springboot.web.IndexControllerTest@675af65, testMethod = [null], testException = [null], mergedContextConfiguration = [WebMergedContextConfiguration@7773acc8 testClass = IndexControllerTest, locations = '{}', classes = '{class com.harder.springboot.Application}', contextInitializerClasses = '[]', activeProfiles = '{}', propertySourceLocations = '{}', propertySourceProperties = '{org.springframework.boot.test.context.SpringBootTestContextBootstrapper=true, server.port=0}', contextCustomizers = set[org.springframework.boot.test.autoconfigure.properties.PropertyMappingContextCustomizer@0, org.springframework.boot.test.autoconfigure.web.servlet.WebDriverContextCustomizerFactory$Customizer@2f4462a3, org.springframework.boot.test.context.filter.ExcludeFilterContextCustomizer@7a16c444, org.springframework.boot.test.json.DuplicateJsonObjectContextCustomizerFactory$DuplicateJsonObjectContextCustomizer@5047251b, org.springframework.boot.test.mock.mockito.MockitoContextCustomizer@0, org.springframework.boot.test.web.client.TestRestTemplateContextCustomizer@fdbaee4], resourceBasePath = 'src/main/webapp', contextLoader = 'org.springframework.boot.test.context.SpringBootContextLoader', parent = [null]], attributes = map['org.springframework.test.context.web.ServletTestExecutionListener.activateListener' -> false]]].
15:05:26.380 [Test worker] DEBUG org.springframework.test.context.support.TestPropertySourceUtils - Adding inlined properties to environment: {spring.jmx.enabled=false, org.springframework.boot.test.context.SpringBootTestContextBootstrapper=true, server.port=0}

  .   ____          _            __ _ _
 /\\ / ___'_ __ _ _(_)_ __  __ _ \ \ \ \
( ( )\___ | '_ | '_| | '_ \/ _` | \ \ \ \
 \\/  ___)| |_)| | | | | || (_| |  ) ) ) )
  '  |____| .__|_| |_|_| |_\__, | / / / /
 =========|_|==============|___/=/_/_/_/
 :: Spring Boot ::        (v2.1.7.RELEASE)

2021-08-29 15:05:26.546  INFO 4277 --- [    Test worker] c.h.springboot.web.IndexControllerTest   : Starting IndexControllerTest on Siwooui-MacBookPro.local with PID 4277 (started by siwoobaek in /Users/siwoobaek/Project/fastercamp)
2021-08-29 15:05:26.548  INFO 4277 --- [    Test worker] c.h.springboot.web.IndexControllerTest   : No active profile set, falling back to default profiles: default
2021-08-29 15:05:27.179  INFO 4277 --- [    Test worker] .s.d.r.c.RepositoryConfigurationDelegate : Bootstrapping Spring Data repositories in DEFAULT mode.
2021-08-29 15:05:27.242  INFO 4277 --- [    Test worker] .s.d.r.c.RepositoryConfigurationDelegate : Finished Spring Data repository scanning in 56ms. Found 2 repository interfaces.
2021-08-29 15:05:27.643  INFO 4277 --- [    Test worker] trationDelegate$BeanPostProcessorChecker : Bean 'org.springframework.transaction.annotation.ProxyTransactionManagementConfiguration' of type [org.springframework.transaction.annotation.ProxyTransactionManagementConfiguration$$EnhancerBySpringCGLIB$$5907c422] is not eligible for getting processed by all BeanPostProcessors (for example: not eligible for auto-proxying)
2021-08-29 15:05:27.965  INFO 4277 --- [    Test worker] o.s.b.w.embedded.tomcat.TomcatWebServer  : Tomcat initialized with port(s): 0 (http)
2021-08-29 15:05:27.988  INFO 4277 --- [    Test worker] o.apache.catalina.core.StandardService   : Starting service [Tomcat]
2021-08-29 15:05:27.988  INFO 4277 --- [    Test worker] org.apache.catalina.core.StandardEngine  : Starting Servlet engine: [Apache Tomcat/9.0.22]
2021-08-29 15:05:28.077  INFO 4277 --- [    Test worker] o.a.c.c.C.[Tomcat].[localhost].[/]       : Initializing Spring embedded WebApplicationContext
2021-08-29 15:05:28.077  INFO 4277 --- [    Test worker] o.s.web.context.ContextLoader            : Root WebApplicationContext: initialization completed in 1511 ms
2021-08-29 15:05:28.299  INFO 4277 --- [    Test worker] com.zaxxer.hikari.HikariDataSource       : HikariPool-1 - Starting...
2021-08-29 15:05:28.446  INFO 4277 --- [    Test worker] com.zaxxer.hikari.HikariDataSource       : HikariPool-1 - Start completed.
2021-08-29 15:05:28.526  INFO 4277 --- [    Test worker] o.hibernate.jpa.internal.util.LogHelper  : HHH000204: Processing PersistenceUnitInfo [
	name: default
	...]
2021-08-29 15:05:28.589  INFO 4277 --- [    Test worker] org.hibernate.Version                    : HHH000412: Hibernate Core {5.3.10.Final}
2021-08-29 15:05:28.591  INFO 4277 --- [    Test worker] org.hibernate.cfg.Environment            : HHH000206: hibernate.properties not found
2021-08-29 15:05:28.731  INFO 4277 --- [    Test worker] o.hibernate.annotations.common.Version   : HCANN000001: Hibernate Commons Annotations {5.0.4.Final}
2021-08-29 15:05:28.848  INFO 4277 --- [    Test worker] org.hibernate.dialect.Dialect            : HHH000400: Using dialect: org.hibernate.dialect.MySQL5InnoDBDialect
Hibernate: drop table if exists posts
Hibernate: drop table if exists user
Hibernate: create table posts (id bigint not null auto_increment, created_date datetime, modified_date datetime, author varchar(255), content TEXT not null, title varchar(500) not null, primary key (id)) engine=InnoDB
Hibernate: create table user (id bigint not null auto_increment, created_date datetime, modified_date datetime, email varchar(255) not null, name varchar(255) not null, picture varchar(255), role varchar(255) not null, primary key (id)) engine=InnoDB
2021-08-29 15:05:29.418  INFO 4277 --- [    Test worker] o.h.t.schema.internal.SchemaCreatorImpl  : HHH000476: Executing import script 'org.hibernate.tool.schema.internal.exec.ScriptSourceInputNonExistentImpl@1b05302e'
2021-08-29 15:05:29.421  INFO 4277 --- [    Test worker] j.LocalContainerEntityManagerFactoryBean : Initialized JPA EntityManagerFactory for persistence unit 'default'
2021-08-29 15:05:30.117  INFO 4277 --- [    Test worker] o.h.h.i.QueryTranslatorFactoryInitiator  : HHH000397: Using ASTQueryTranslatorFactory
2021-08-29 15:05:30.432  INFO 4277 --- [    Test worker] o.s.s.web.DefaultSecurityFilterChain     : Creating filter chain: any request, [org.springframework.security.web.context.request.async.WebAsyncManagerIntegrationFilter@66c8cf0f, org.springframework.security.web.context.SecurityContextPersistenceFilter@3a1f5e0d, org.springframework.security.web.header.HeaderWriterFilter@3efb6ab6, org.springframework.security.web.authentication.logout.LogoutFilter@58ce4e11, org.springframework.security.oauth2.client.web.OAuth2AuthorizationRequestRedirectFilter@4fac4876, org.springframework.security.oauth2.client.web.OAuth2LoginAuthenticationFilter@7c0e3209, org.springframework.security.web.authentication.ui.DefaultLoginPageGeneratingFilter@1e33246, org.springframework.security.web.authentication.ui.DefaultLogoutPageGeneratingFilter@2f3c8a1, org.springframework.security.web.savedrequest.RequestCacheAwareFilter@6d6941a, org.springframework.security.web.servletapi.SecurityContextHolderAwareRequestFilter@37bdefc, org.springframework.security.web.authentication.AnonymousAuthenticationFilter@2ab81e99, org.springframework.security.web.session.SessionManagementFilter@749a6f56, org.springframework.security.web.access.ExceptionTranslationFilter@400de064, org.springframework.security.web.access.intercept.FilterSecurityInterceptor@70303e4]
2021-08-29 15:05:30.686  INFO 4277 --- [    Test worker] o.s.s.concurrent.ThreadPoolTaskExecutor  : Initializing ExecutorService 'applicationTaskExecutor'
2021-08-29 15:05:30.730  WARN 4277 --- [    Test worker] aWebConfiguration$JpaWebMvcConfiguration : spring.jpa.open-in-view is enabled by default. Therefore, database queries may be performed during view rendering. Explicitly configure spring.jpa.open-in-view to disable this warning
2021-08-29 15:05:30.772  INFO 4277 --- [    Test worker] o.s.b.a.w.s.WelcomePageHandlerMapping    : Adding welcome page template: index
2021-08-29 15:05:31.082  INFO 4277 --- [    Test worker] s.a.ScheduledAnnotationBeanPostProcessor : No TaskScheduler/ScheduledExecutorService bean found for scheduled processing
2021-08-29 15:05:31.102  INFO 4277 --- [    Test worker] o.s.b.w.embedded.tomcat.TomcatWebServer  : Tomcat started on port(s): 50125 (http) with context path ''
2021-08-29 15:05:31.105  INFO 4277 --- [    Test worker] c.h.springboot.web.IndexControllerTest   : Started IndexControllerTest in 4.723 seconds (JVM running for 5.428)
2021-08-29 15:05:31.226  INFO 4277 --- [o-auto-1-exec-1] o.a.c.c.C.[Tomcat].[localhost].[/]       : Initializing Spring DispatcherServlet 'dispatcherServlet'
2021-08-29 15:05:31.227  INFO 4277 --- [o-auto-1-exec-1] o.s.web.servlet.DispatcherServlet        : Initializing Servlet 'dispatcherServlet'
2021-08-29 15:05:31.250  INFO 4277 --- [o-auto-1-exec-1] o.s.web.servlet.DispatcherServlet        : Completed initialization in 23 ms
Hibernate: select posts0_.id as id1_0_, posts0_.created_date as created_2_0_, posts0_.modified_date as modified3_0_, posts0_.author as author4_0_, posts0_.content as content5_0_, posts0_.title as title6_0_ from posts posts0_ order by posts0_.id DESC
]]></system-out>
  <system-err><![CDATA[]]></system-err>
</testsuite>
